<?xml version="1.0" encoding="UTF-8"?>
<!-- Generated by org.testng.reporters.JUnitXMLReporter -->
<testsuite ignored="0" hostname="Lab-637618625471568706-1" failures="0" tests="5" name="Default test" time="25.902" errors="0" timestamp="2021-09-26T20:44:46 IST">
  <testcase classname="testCases.GiftCard" name="selectGiftCard" time="15.506"/>
  <testcase classname="testCases.GiftCard" name="selectEvent" time="0.337"/>
  <testcase classname="testCases.GiftCard" name="enterAmount" time="0.624"/>
  <testcase classname="testCases.GiftCard" name="clickNext" time="0.246"/>
  <testcase classname="testCases.GiftCard" name="enterDetails" time="2.001"/>
</testsuite> <!-- Default test -->
