<?xml version="1.0" encoding="UTF-8"?>
<!-- Generated by org.testng.reporters.JUnitXMLReporter -->
<testsuite hostname="Lab-637618625471568706-1" ignored="0" name="SendingGiftCard" tests="5" failures="0" timestamp="26 Sep 2021 20:50:03 GMT" time="24.776" errors="0">
  <testcase name="selectGiftCard" time="16.655" classname="testCases.GiftCard"/>
  <testcase name="selectEvent" time="0.356" classname="testCases.GiftCard"/>
  <testcase name="enterAmount" time="0.644" classname="testCases.GiftCard"/>
  <testcase name="clickNext" time="0.272" classname="testCases.GiftCard"/>
  <testcase name="enterDetails" time="2.03" classname="testCases.GiftCard"/>
</testsuite> <!-- SendingGiftCard -->
