<?xml version="1.0" encoding="UTF-8"?>
<!-- Generated by org.testng.reporters.JUnitXMLReporter -->
<testsuite ignored="0" hostname="Lab-637618625471568706-1" failures="0" tests="5" name="SendingGiftCard" time="25.48" errors="0" timestamp="2021-09-26T20:50:00 IST">
  <testcase classname="testCases.GiftCard" name="selectGiftCard" time="16.382"/>
  <testcase classname="testCases.GiftCard" name="selectEvent" time="0.472"/>
  <testcase classname="testCases.GiftCard" name="enterAmount" time="0.485"/>
  <testcase classname="testCases.GiftCard" name="clickNext" time="0.423"/>
  <testcase classname="testCases.GiftCard" name="enterDetails" time="1.668"/>
</testsuite> <!-- SendingGiftCard -->
